<?xml version="1.0" encoding="UTF-8"?>
<testsuite xmlns:xsi="http://www.w3.org/2001/XMLSchema-instance" xsi:noNamespaceSchemaLocation="https://maven.apache.org/surefire/maven-surefire-plugin/xsd/surefire-test-report.xsd" name="cucumber_options.TestRunner" time="48.626" tests="4" errors="0" skipped="0" failures="0">
  <properties>
[...]
</properties>
  <testcase name="Validate AddPlaceAPI adds place (with scope check)" classname="Validating Place API&apos;s" time="33.872"/>
  <testcase name="Validate PutPlaceAPI updates place" classname="Validating Place API&apos;s" time="3.153"/>
  <testcase name="Validate DeletePlaceAPI deletes place" classname="Validating Place API&apos;s" time="2.958"/>
  <testcase name="Validate GetPlaceAPI does not retrieve place (following DeletePlaceAPI)" classname="Validating Place API&apos;s" time="2.605"/>
</testsuite>